#-----------------------------------------------------------
# Vivado v2017.4 (64-bit)
# SW Build 2086221 on Fri Dec 15 20:55:39 MST 2017
# IP Build 2085800 on Fri Dec 15 22:25:07 MST 2017
# Start of session at: Thu May 26 13:16:25 2022
# Process ID: 30924
# Current directory: D:/shudianshiyanpro/project_7base_41_led5
# Command line: vivado.exe -gui_launcher_event rodinguilauncherevent30536 D:\shudianshiyanpro\project_7base_41_led5\project_2.xpr
# Log file: D:/shudianshiyanpro/project_7base_41_led5/vivado.log
# Journal file: D:/shudianshiyanpro/project_7base_41_led5\vivado.jou
#-----------------------------------------------------------
start_gui
open_project D:/shudianshiyanpro/project_7base_41_led5/project_2.xpr
INFO: [Project 1-313] Project file moved from 'D:/shudianshiyanpro/project_2' since last save.
Scanning sources...
Finished scanning sources
INFO: [IP_Flow 19-234] Refreshing IP repositories
INFO: [IP_Flow 19-1704] No user IP repositories specified
INFO: [IP_Flow 19-2313] Loaded Vivado IP repository 'D:/tools/Xilinx/Xilinxapp/Vivado/2017.4/data/ip'.
update_compile_order -fileset sources_1
exit
INFO: [Common 17-206] Exiting Vivado at Thu May 26 13:17:00 2022...
