#-----------------------------------------------------------
# Vivado v2017.4 (64-bit)
# SW Build 2086221 on Fri Dec 15 20:55:39 MST 2017
# IP Build 2085800 on Fri Dec 15 22:25:07 MST 2017
# Start of session at: Sat May 28 11:36:50 2022
# Process ID: 16548
# Current directory: D:/shudianshiyanpro/project_2
# Command line: vivado.exe -gui_launcher_event rodinguilauncherevent24532 D:\shudianshiyanpro\project_2\project_2.xpr
# Log file: D:/shudianshiyanpro/project_2/vivado.log
# Journal file: D:/shudianshiyanpro/project_2\vivado.jou
#-----------------------------------------------------------
start_gui
open_project D:/shudianshiyanpro/project_2/project_2.xpr
Scanning sources...
Finished scanning sources
INFO: [IP_Flow 19-234] Refreshing IP repositories
INFO: [IP_Flow 19-1704] No user IP repositories specified
INFO: [IP_Flow 19-2313] Loaded Vivado IP repository 'D:/tools/Xilinx/Xilinxapp/Vivado/2017.4/data/ip'.
open_project: Time (s): cpu = 00:00:10 ; elapsed = 00:00:06 . Memory (MB): peak = 830.945 ; gain = 114.250
update_compile_order -fileset sources_1
exit
INFO: [Common 17-206] Exiting Vivado at Sat May 28 11:51:06 2022...
